<?xml version="1.0" encoding="UTF-8"?>
<testsuite name="com.game.demo.SpringBootDemoApplicationTests" tests="1" skipped="0" failures="0" errors="0" timestamp="2022-07-06T14:08:09" hostname="DESKTOP-KMNS09Q" time="0.973">
  <properties/>
  <testcase name="contextLoads()" classname="com.game.demo.SpringBootDemoApplicationTests" time="0.973"/>
  <system-out><![CDATA[21:08:04.644 [Test worker] DEBUG org.springframework.test.context.BootstrapUtils - Instantiating CacheAwareContextLoaderDelegate from class [org.springframework.test.context.cache.DefaultCacheAwareContextLoaderDelegate]
21:08:04.671 [Test worker] DEBUG org.springframework.test.context.BootstrapUtils - Instantiating BootstrapContext using constructor [public org.springframework.test.context.support.DefaultBootstrapContext(java.lang.Class,org.springframework.test.context.CacheAwareContextLoaderDelegate)]
21:08:04.749 [Test worker] DEBUG org.springframework.test.context.BootstrapUtils - Instantiating TestContextBootstrapper for test class [com.game.demo.SpringBootDemoApplicationTests] from class [org.springframework.boot.test.context.SpringBootTestContextBootstrapper]
21:08:04.773 [Test worker] INFO org.springframework.boot.test.context.SpringBootTestContextBootstrapper - Neither @ContextConfiguration nor @ContextHierarchy found for test class [com.game.demo.SpringBootDemoApplicationTests], using SpringBootContextLoader
21:08:04.781 [Test worker] DEBUG org.springframework.test.context.support.AbstractContextLoader - Did not detect default resource location for test class [com.game.demo.SpringBootDemoApplicationTests]: class path resource [com/game/demo/SpringBootDemoApplicationTests-context.xml] does not exist
21:08:04.783 [Test worker] DEBUG org.springframework.test.context.support.AbstractContextLoader - Did not detect default resource location for test class [com.game.demo.SpringBootDemoApplicationTests]: class path resource [com/game/demo/SpringBootDemoApplicationTestsContext.groovy] does not exist
21:08:04.784 [Test worker] INFO org.springframework.test.context.support.AbstractContextLoader - Could not detect default resource locations for test class [com.game.demo.SpringBootDemoApplicationTests]: no resource found for suffixes {-context.xml, Context.groovy}.
21:08:04.785 [Test worker] INFO org.springframework.test.context.support.AnnotationConfigContextLoaderUtils - Could not detect default configuration classes for test class [com.game.demo.SpringBootDemoApplicationTests]: SpringBootDemoApplicationTests does not declare any static, non-private, non-final, nested classes annotated with @Configuration.
21:08:04.883 [Test worker] DEBUG org.springframework.test.context.support.ActiveProfilesUtils - Could not find an 'annotation declaring class' for annotation type [org.springframework.test.context.ActiveProfiles] and class [com.game.demo.SpringBootDemoApplicationTests]
21:08:04.990 [Test worker] DEBUG org.springframework.context.annotation.ClassPathScanningCandidateComponentProvider - Identified candidate component class: file [D:\jenkins\project\spring-boot-demo\build\classes\java\main\com\game\demo\SpringBootDemoApplication.class]
21:08:04.992 [Test worker] INFO org.springframework.boot.test.context.SpringBootTestContextBootstrapper - Found @SpringBootConfiguration com.game.demo.SpringBootDemoApplication for test class com.game.demo.SpringBootDemoApplicationTests
21:08:05.228 [Test worker] DEBUG org.springframework.boot.test.context.SpringBootTestContextBootstrapper - @TestExecutionListeners is not present for class [com.game.demo.SpringBootDemoApplicationTests]: using defaults.
21:08:05.229 [Test worker] INFO org.springframework.boot.test.context.SpringBootTestContextBootstrapper - Loaded default TestExecutionListener class names from location [META-INF/spring.factories]: [org.springframework.boot.test.autoconfigure.restdocs.RestDocsTestExecutionListener, org.springframework.boot.test.autoconfigure.web.client.MockRestServiceServerResetTestExecutionListener, org.springframework.boot.test.autoconfigure.web.servlet.MockMvcPrintOnlyOnFailureTestExecutionListener, org.springframework.boot.test.autoconfigure.web.servlet.WebDriverTestExecutionListener, org.springframework.boot.test.autoconfigure.webservices.client.MockWebServiceServerTestExecutionListener, org.springframework.boot.test.mock.mockito.MockitoTestExecutionListener, org.springframework.boot.test.mock.mockito.ResetMocksTestExecutionListener, org.springframework.test.context.web.ServletTestExecutionListener, org.springframework.test.context.support.DirtiesContextBeforeModesTestExecutionListener, org.springframework.test.context.event.ApplicationEventsTestExecutionListener, org.springframework.test.context.support.DependencyInjectionTestExecutionListener, org.springframework.test.context.support.DirtiesContextTestExecutionListener, org.springframework.test.context.transaction.TransactionalTestExecutionListener, org.springframework.test.context.jdbc.SqlScriptsTestExecutionListener, org.springframework.test.context.event.EventPublishingTestExecutionListener]
21:08:05.250 [Test worker] DEBUG org.springframework.boot.test.context.SpringBootTestContextBootstrapper - Skipping candidate TestExecutionListener [org.springframework.test.context.transaction.TransactionalTestExecutionListener] due to a missing dependency. Specify custom listener classes or make the default listener classes and their required dependencies available. Offending class: [org/springframework/transaction/interceptor/TransactionAttributeSource]
21:08:05.251 [Test worker] DEBUG org.springframework.boot.test.context.SpringBootTestContextBootstrapper - Skipping candidate TestExecutionListener [org.springframework.test.context.jdbc.SqlScriptsTestExecutionListener] due to a missing dependency. Specify custom listener classes or make the default listener classes and their required dependencies available. Offending class: [org/springframework/transaction/interceptor/TransactionAttribute]
21:08:05.252 [Test worker] INFO org.springframework.boot.test.context.SpringBootTestContextBootstrapper - Using TestExecutionListeners: [org.springframework.test.context.web.ServletTestExecutionListener@40f33492, org.springframework.test.context.support.DirtiesContextBeforeModesTestExecutionListener@4fbdc0f0, org.springframework.test.context.event.ApplicationEventsTestExecutionListener@2ad3a1bb, org.springframework.boot.test.mock.mockito.MockitoTestExecutionListener@6bc28a83, org.springframework.boot.test.autoconfigure.SpringBootDependencyInjectionTestExecutionListener@324c64cd, org.springframework.test.context.support.DirtiesContextTestExecutionListener@13579834, org.springframework.test.context.event.EventPublishingTestExecutionListener@24be2d9c, org.springframework.boot.test.autoconfigure.restdocs.RestDocsTestExecutionListener@5bd73d1a, org.springframework.boot.test.autoconfigure.web.client.MockRestServiceServerResetTestExecutionListener@aec50a1, org.springframework.boot.test.autoconfigure.web.servlet.MockMvcPrintOnlyOnFailureTestExecutionListener@2555fff0, org.springframework.boot.test.autoconfigure.web.servlet.WebDriverTestExecutionListener@70d2e40b, org.springframework.boot.test.autoconfigure.webservices.client.MockWebServiceServerTestExecutionListener@120f38e6, org.springframework.boot.test.mock.mockito.ResetMocksTestExecutionListener@7a0e1b5e]
21:08:05.260 [Test worker] DEBUG org.springframework.test.context.support.AbstractDirtiesContextTestExecutionListener - Before test class: context [DefaultTestContext@14bb2297 testClass = SpringBootDemoApplicationTests, testInstance = [null], testMethod = [null], testException = [null], mergedContextConfiguration = [WebMergedContextConfiguration@69adf72c testClass = SpringBootDemoApplicationTests, locations = '{}', classes = '{class com.game.demo.SpringBootDemoApplication}', contextInitializerClasses = '[]', activeProfiles = '{}', propertySourceLocations = '{}', propertySourceProperties = '{org.springframework.boot.test.context.SpringBootTestContextBootstrapper=true}', contextCustomizers = set[org.springframework.boot.test.autoconfigure.actuate.metrics.MetricsExportContextCustomizerFactory$DisableMetricExportContextCustomizer@57ac5227, org.springframework.boot.test.autoconfigure.properties.PropertyMappingContextCustomizer@0, org.springframework.boot.test.autoconfigure.web.servlet.WebDriverContextCustomizerFactory$Customizer@a4ca3f6, org.springframework.boot.test.context.filter.ExcludeFilterContextCustomizer@b6b1987, org.springframework.boot.test.json.DuplicateJsonObjectContextCustomizerFactory$DuplicateJsonObjectContextCustomizer@66b7550d, org.springframework.boot.test.mock.mockito.MockitoContextCustomizer@0, org.springframework.boot.test.web.client.TestRestTemplateContextCustomizer@77a98a6a, org.springframework.boot.test.context.SpringBootTestArgs@1, org.springframework.boot.test.context.SpringBootTestWebEnvironment@64b0598], resourceBasePath = 'src/main/webapp', contextLoader = 'org.springframework.boot.test.context.SpringBootContextLoader', parent = [null]], attributes = map['org.springframework.test.context.web.ServletTestExecutionListener.activateListener' -> true]], class annotated with @DirtiesContext [false] with mode [null].

  .   ____          _            __ _ _
 /\\ / ___'_ __ _ _(_)_ __  __ _ \ \ \ \
( ( )\___ | '_ | '_| | '_ \/ _` | \ \ \ \
 \\/  ___)| |_)| | | | | || (_| |  ) ) ) )
  '  |____| .__|_| |_|_| |_\__, | / / / /
 =========|_|==============|___/=/_/_/_/
 :: Spring Boot ::                (v2.6.6)

2022-07-06 21:08:06.050  INFO 944 --- [    Test worker] c.g.demo.SpringBootDemoApplicationTests  : Starting SpringBootDemoApplicationTests using Java 11.0.15 on DESKTOP-KMNS09Q with PID 944 (started by Admin in D:\jenkins\project\spring-boot-demo)
2022-07-06 21:08:06.063  INFO 944 --- [    Test worker] c.g.demo.SpringBootDemoApplicationTests  : No active profile set, falling back to 1 default profile: "default"
2022-07-06 21:08:09.619  INFO 944 --- [    Test worker] c.g.demo.SpringBootDemoApplicationTests  : Started SpringBootDemoApplicationTests in 4.275 seconds (JVM running for 8.065)
]]></system-out>
  <system-err><![CDATA[]]></system-err>
</testsuite>
